converged SCF energy = -0.991662213170961  <S^2> = -4.4408921e-16  2S+1 = 1
# Number of MPI ranks: 4
#
# norb: 2
# nelec: (1, 1)
#
# n_eql: 10
# n_ene_blocks: 4
# n_sr_blocks: 50
# n_blocks: 20
# n_walkers: 25
# do_sr: True
# orbital_rotation: True
# walker_type: uhf
# trial: uhf
# seed: 101
# ad_mode: nuc_grad
# dt: 0.01
# n_prop_steps: 50
# symmetry: False
# save_walkers: False
# ene0: 0.0
# free_projection: False
#
# Equilibration sweeps:
#   Iter        Block energy      Walltime
#     0      -9.916622132e-01     1.76e+00 
#     1      -1.038852334e+00     4.27e+00 
#     2      -1.045701623e+00     6.25e+00 
#     3      -1.043809533e+00     6.37e+00 
#     4      -1.037803292e+00     6.48e+00 
#     5      -1.042669535e+00     6.58e+00 
#     6      -1.073146224e+00     6.68e+00 
#     7      -1.042617083e+00     6.79e+00 
#     8      -1.038057089e+00     6.89e+00 
#     9      -1.036038995e+00     7.00e+00 
#    10      -1.040601850e+00     7.10e+00 
#
# Sampling sweeps:
#  Iter        Mean energy          Stochastic error       Mean observable       Walltime
     0      -1.040298320e+00                -              0.000000000e+00       2.30e+01 
     2      -1.042220179e+00                -              0.000000000e+00       2.83e+01 
     4      -1.041790184e+00                -              0.000000000e+00       3.43e+01 
     6      -1.041883009e+00        1.351796600e-03        0.000000000e+00       4.10e+01 
     8      -1.041643807e+00        1.101506774e-03        0.000000000e+00       4.76e+01 
    10      -1.041791730e+00        9.680807075e-04        0.000000000e+00       5.36e+01 
    12      -1.041685544e+00        8.243851499e-04        0.000000000e+00       5.91e+01 
    14      -1.041788265e+00        7.386539914e-04        0.000000000e+00       6.54e+01 
    16      -1.041590283e+00        6.873950410e-04        0.000000000e+00       7.07e+01 
    18      -1.041451282e+00        6.387323000e-04        0.000000000e+00       7.60e+01 
#
# Number of large deviations: 0
# Number of outliers in post: 0 
#
# Mean: -1.04148711e+00
# Block size    # of blocks         Mean                Error
      1               80       -1.04148711e+00       6.108344e-04
      2               40       -1.04148711e+00       5.965453e-04
      5               16       -1.04148711e+00       5.782693e-04
     10                8       -1.04148711e+00       5.062350e-04
     20                4       -1.04148711e+00       3.742297e-04
# Stocahstic error estimate: 6.108344e-04
#
AFQMC energy: -1.0415 +/- 0.0006

#
# Mean: 0.00000000e+00
# Block size    # of blocks         Mean                Error
      1               80       0.00000000e+00       0.000000e+00
      2               40       0.00000000e+00       0.000000e+00
      5               16       0.00000000e+00       0.000000e+00
     10                8       0.00000000e+00       0.000000e+00
     20                4       0.00000000e+00       0.000000e+00
AFQMC observable: 0.0

ph_afqmc walltime: 78.52205634117126
4
Blocking analysis done
--------------- AFQMC Gradient ---------------

[[ 0.          0.         -0.13573962]
 [ 0.          0.          0.13573962]]
--------------- Error ---------------

[[0.         0.         0.00050449]
 [0.         0.         0.00050449]]
----------------------------------------------
r = 2.4
--------------- DFUHF gradients ---------------
         x                y                z
0 H     0.0000000000     0.0000000000    -0.1685666703
1 H     0.0000000000     0.0000000000     0.1685666703
----------------------------------------------
E(UCCSD) = -1.051330398678421  E_corr = -0.05966818550745967
--------------- UCCSD gradients ---------------
         x                y                z
0 H     0.0000000000     0.0000000000    -0.1098882684
1 H     0.0000000000     0.0000000000     0.1098882684
----------------------------------------------
